<?xml version="1.0" encoding="UTF-8"?>
<!-- Generated by org.testng.reporters.JUnitXMLReporter -->
<testsuite ignored="0" hostname="Lokesh-PC" failures="0" tests="3" name="Test" time="140.159" errors="0" timestamp="2022-01-04T20:28:27 IST">
  <testcase classname="extend.api.login_validation" name="filename" time="0.0"/>
  <testcase classname="extend.api.CreateReport" name="extent" time="0.001"/>
  <testcase classname="testsuite1.test.ALL_USER_VV_LOGIN" name="All_USER_LOGIN_Validation" time="140.157"/>
</testsuite> <!-- Test -->
