<?xml version="1.0" encoding="UTF-8"?>
<!-- Generated by org.testng.reporters.JUnitXMLReporter -->
<testsuite ignored="0" hostname="Lokesh-PC" failures="0" tests="3" name="Test" time="213.788" errors="0" timestamp="2022-03-24T18:05:02 IST">
  <testcase classname="scenarios.api.Login_Validation" name="filename" time="0.005"/>
  <testcase classname="extend.api.CreateReport" name="extend" time="0.192"/>
  <testcase classname="testsuite1.test.Login_Validation" name="All_USER_LOGIN_Validation" time="213.555"/>
</testsuite> <!-- Test -->
