<?xml version="1.0" encoding="UTF-8"?>
<!-- Generated by org.testng.reporters.JUnitXMLReporter -->
<testsuite ignored="0" hostname="Lokesh-PC" failures="0" tests="7" name="Test" time="44.467" errors="0" timestamp="2022-03-24T20:34:55 IST">
  <testcase classname="scenarios.api.Region_RegionID" name="filename" time="0.006"/>
  <testcase classname="extend.api.CreateReport" name="extend" time="0.176"/>
  <testcase classname="testsuite1.test.Region_POST_Create" name="CREATE_New_Region" time="7.896"/>
  <testcase classname="testsuite1.test.Region_GET_View" name="VIEW_All_Region" time="5.452"/>
  <testcase classname="testsuite1.test.Region_PUT_Update" name="UPDATE_Specific_Region_using_ID" time="10.448"/>
  <testcase classname="testsuite1.test.Region_GET_View_ID" name="VIEW_Specific_Region_using_ID" time="10.267"/>
  <testcase classname="testsuite1.test.Region_DELETE_Delete" name="DELETE_Specific_Region_using_ID" time="10.168"/>
</testsuite> <!-- Test -->
