<?xml version="1.0" encoding="UTF-8"?>
<testng-results ignored="0" total="3" passed="3" failed="0" skipped="0">
  <reporter-output>
  </reporter-output>
  <suite started-at="2022-01-05T13:51:15 IST" name="Suite" finished-at="2022-01-05T13:53:15 IST" duration-ms="119740">
    <groups>
    </groups>
    <test started-at="2022-01-05T13:51:15 IST" name="Test" finished-at="2022-01-05T13:53:15 IST" duration-ms="119740">
      <class name="extend.api.login_validation">
        <test-method signature="filename()[pri:0, instance:extend.api.login_validation@5e4c8041]" started-at="2022-01-05T13:51:15 IST" name="filename" finished-at="2022-01-05T13:51:15 IST" duration-ms="3" status="PASS">
          <reporter-output>
          </reporter-output>
        </test-method> <!-- filename -->
      </class> <!-- extend.api.login_validation -->
      <class name="extend.api.CreateReport">
        <test-method signature="extent()[pri:1, instance:extend.api.CreateReport@add0edd]" started-at="2022-01-05T13:51:15 IST" name="extent" finished-at="2022-01-05T13:51:15 IST" duration-ms="146" status="PASS">
          <reporter-output>
          </reporter-output>
        </test-method> <!-- extent -->
      </class> <!-- extend.api.CreateReport -->
      <class name="testsuite1.test.ALL_USER_VV_LOGIN">
        <test-method signature="All_USER_LOGIN_Validation(java.lang.String)[pri:0, instance:testsuite1.test.ALL_USER_VV_LOGIN@2aa3cd93]" started-at="2022-01-05T13:51:15 IST" name="All_USER_LOGIN_Validation" data-provider="ProbaseURL" finished-at="2022-01-05T13:53:15 IST" duration-ms="119560" status="PASS">
          <params>
            <param index="0">
              <value>
                <![CDATA[https://lnmjapi.adappt.ai/]]>
              </value>
            </param>
          </params>
          <reporter-output>
          </reporter-output>
        </test-method> <!-- All_USER_LOGIN_Validation -->
      </class> <!-- testsuite1.test.ALL_USER_VV_LOGIN -->
    </test> <!-- Test -->
  </suite> <!-- Suite -->
</testng-results>
