<?xml version="1.0" encoding="UTF-8"?>
<testsuite xmlns:xsi="http://www.w3.org/2001/XMLSchema-instance" xsi:schemaLocation="https://maven.apache.org/surefire/maven-surefire-plugin/xsd/surefire-test-report.xsd" name="TestSuite" time="120.03" tests="3" errors="0" skipped="0" failures="0">
  <properties>
[...]
</properties>
  <testcase name="filename" classname="extend.api.login_validation" time="0.002"/>
  <testcase name="extent" classname="extend.api.CreateReport" time="0.147"/>
  <testcase name="All_USER_LOGIN_Validation" classname="testsuite1.test.ALL_USER_VV_LOGIN" time="119.561"/>
</testsuite>