<?xml version="1.0" encoding="UTF-8"?>
<!-- Generated by org.testng.reporters.JUnitXMLReporter -->
<testsuite ignored="0" hostname="Lokesh-PC" failures="0" tests="3" name="Test" time="119.74" errors="0" timestamp="2022-01-05T13:53:15 IST">
  <testcase classname="extend.api.login_validation" name="filename" time="0.003"/>
  <testcase classname="extend.api.CreateReport" name="extent" time="0.146"/>
  <testcase classname="testsuite1.test.ALL_USER_VV_LOGIN" name="All_USER_LOGIN_Validation" time="119.56"/>
</testsuite> <!-- Test -->
