<?xml version="1.0" encoding="UTF-8"?>
<testng-results ignored="0" total="8" passed="8" failed="0" skipped="0">
  <reporter-output>
  </reporter-output>
  <suite started-at="2022-04-18T12:12:58 IST" name="UserRegion_Suite" finished-at="2022-04-18T12:19:38 IST" duration-ms="400410">
    <groups>
    </groups>
    <test started-at="2022-04-18T12:12:58 IST" name="Test" finished-at="2022-04-18T12:19:38 IST" duration-ms="400410">
      <class name="scenarios.api.UserRegion_UserIDRegionID">
        <test-method signature="filename()[pri:0, instance:scenarios.api.UserRegion_UserIDRegionID@222545dc]" started-at="2022-04-18T12:16:01 IST" name="filename" finished-at="2022-04-18T12:16:01 IST" duration-ms="0" status="PASS">
          <reporter-output>
          </reporter-output>
        </test-method> <!-- filename -->
      </class> <!-- scenarios.api.UserRegion_UserIDRegionID -->
      <class name="scenarios.api.UserRegion_UserID">
        <test-method signature="filename()[pri:0, instance:scenarios.api.UserRegion_UserID@4fb61f4a]" started-at="2022-04-18T12:12:58 IST" name="filename" finished-at="2022-04-18T12:12:58 IST" duration-ms="6" status="PASS">
          <reporter-output>
          </reporter-output>
        </test-method> <!-- filename -->
      </class> <!-- scenarios.api.UserRegion_UserID -->
      <class name="testsuite1.test.User_Region_GET_with_distinct_UserID">
        <test-method signature="VIEW_Specific_UserRegion_includes_UserID(java.lang.String)[pri:0, instance:testsuite1.test.User_Region_GET_with_distinct_UserID@6c64cb25]" started-at="2022-04-18T12:13:43 IST" name="VIEW_Specific_UserRegion_includes_UserID" data-provider="ProbaseURL" finished-at="2022-04-18T12:14:30 IST" duration-ms="46660" status="PASS">
          <params>
            <param index="0">
              <value>
                <![CDATA[https://lnmjapi.adappt.ai/]]>
              </value>
            </param>
          </params>
          <reporter-output>
          </reporter-output>
        </test-method> <!-- VIEW_Specific_UserRegion_includes_UserID -->
      </class> <!-- testsuite1.test.User_Region_GET_with_distinct_UserID -->
      <class name="testsuite1.test.User_Region_GET_with_indistinct">
        <test-method signature="VIEW_All_UserRegion(java.lang.String)[pri:0, instance:testsuite1.test.User_Region_GET_with_indistinct@245b4bdc]" started-at="2022-04-18T12:12:58 IST" name="VIEW_All_UserRegion" data-provider="ProbaseURL" finished-at="2022-04-18T12:13:43 IST" duration-ms="45205" status="PASS">
          <params>
            <param index="0">
              <value>
                <![CDATA[https://lnmjapi.adappt.ai/]]>
              </value>
            </param>
          </params>
          <reporter-output>
          </reporter-output>
        </test-method> <!-- VIEW_All_UserRegion -->
      </class> <!-- testsuite1.test.User_Region_GET_with_indistinct -->
      <class name="extend.api.CreateReport">
        <test-method signature="extend()[pri:1, instance:extend.api.CreateReport@dd8ba08]" started-at="2022-04-18T12:12:58 IST" name="extend" finished-at="2022-04-18T12:12:58 IST" duration-ms="174" status="PASS">
          <reporter-output>
          </reporter-output>
        </test-method> <!-- extend -->
      </class> <!-- extend.api.CreateReport -->
      <class name="testsuite1.test.User_Region_POST_with_indistinct">
        <test-method signature="VIEW_All_UserRegion(java.lang.String)[pri:0, instance:testsuite1.test.User_Region_POST_with_indistinct@6ae5aa72]" started-at="2022-04-18T12:14:30 IST" name="VIEW_All_UserRegion" data-provider="ProbaseURL" finished-at="2022-04-18T12:16:01 IST" duration-ms="91502" status="PASS">
          <params>
            <param index="0">
              <value>
                <![CDATA[https://lnmjapi.adappt.ai/]]>
              </value>
            </param>
          </params>
          <reporter-output>
          </reporter-output>
        </test-method> <!-- VIEW_All_UserRegion -->
      </class> <!-- testsuite1.test.User_Region_POST_with_indistinct -->
      <class name="testsuite1.test.User_Region_GET_with_distinct_UserID_RegionID">
        <test-method signature="VIEW_Specific_UserRegion_includes_UserIDRegionID(java.lang.String)[pri:0, instance:testsuite1.test.User_Region_GET_with_distinct_UserID_RegionID@5c5eefef]" started-at="2022-04-18T12:16:01 IST" name="VIEW_Specific_UserRegion_includes_UserIDRegionID" data-provider="ProbaseURL" finished-at="2022-04-18T12:17:32 IST" duration-ms="91211" status="PASS">
          <params>
            <param index="0">
              <value>
                <![CDATA[https://lnmjapi.adappt.ai/]]>
              </value>
            </param>
          </params>
          <reporter-output>
          </reporter-output>
        </test-method> <!-- VIEW_Specific_UserRegion_includes_UserIDRegionID -->
      </class> <!-- testsuite1.test.User_Region_GET_with_distinct_UserID_RegionID -->
      <class name="testsuite1.test.User_Region_DELETE_with_distinct_UserID_RegionID">
        <test-method signature="VIEW_Specific_UserRegion_includes_UserIDRegionID(java.lang.String)[pri:0, instance:testsuite1.test.User_Region_DELETE_with_distinct_UserID_RegionID@595b007d]" started-at="2022-04-18T12:17:32 IST" name="VIEW_Specific_UserRegion_includes_UserIDRegionID" data-provider="ProbaseURL" finished-at="2022-04-18T12:19:38 IST" duration-ms="125606" status="PASS">
          <params>
            <param index="0">
              <value>
                <![CDATA[https://lnmjapi.adappt.ai/]]>
              </value>
            </param>
          </params>
          <reporter-output>
          </reporter-output>
        </test-method> <!-- VIEW_Specific_UserRegion_includes_UserIDRegionID -->
      </class> <!-- testsuite1.test.User_Region_DELETE_with_distinct_UserID_RegionID -->
    </test> <!-- Test -->
  </suite> <!-- UserRegion_Suite -->
</testng-results>
