<?xml version="1.0" encoding="UTF-8"?>
<testng-results ignored="0" total="11" passed="11" failed="0" skipped="0">
  <reporter-output>
  </reporter-output>
  <suite started-at="2022-04-21T14:30:24 IST" name="Jurisdiction_Suite" finished-at="2022-04-21T14:40:23 IST" duration-ms="599186">
    <groups>
    </groups>
    <test started-at="2022-04-21T14:30:24 IST" name="Test" finished-at="2022-04-21T14:40:23 IST" duration-ms="599186">
      <class name="testsuite1.test.Jurisdiction_PUT_with_distinct_JurisdictionID">
        <test-method signature="View_Specific_Jurisdiction_using_ID(java.lang.String)[pri:0, instance:testsuite1.test.Jurisdiction_PUT_with_distinct_JurisdictionID@5158b42f]" started-at="2022-04-21T14:32:35 IST" name="View_Specific_Jurisdiction_using_ID" data-provider="ProbaseURL" finished-at="2022-04-21T14:34:28 IST" duration-ms="113142" status="PASS">
          <params>
            <param index="0">
              <value>
                <![CDATA[https://lnmjapi.adappt.ai/]]>
              </value>
            </param>
          </params>
          <reporter-output>
          </reporter-output>
        </test-method> <!-- View_Specific_Jurisdiction_using_ID -->
      </class> <!-- testsuite1.test.Jurisdiction_PUT_with_distinct_JurisdictionID -->
      <class name="scenarios.api.Jurisdiction_BaseLine">
        <test-method signature="filename()[pri:0, instance:scenarios.api.Jurisdiction_BaseLine@4a94ee4]" started-at="2022-04-21T14:30:24 IST" name="filename" finished-at="2022-04-21T14:30:24 IST" duration-ms="7" status="PASS">
          <reporter-output>
          </reporter-output>
        </test-method> <!-- filename -->
      </class> <!-- scenarios.api.Jurisdiction_BaseLine -->
      <class name="testsuite1.test.Jurisdiction_GET_with_indistinct">
        <test-method signature="View_All_Jurisdiction(java.lang.String)[pri:0, instance:testsuite1.test.Jurisdiction_GET_with_indistinct@5c5eefef]" started-at="2022-04-21T14:30:24 IST" name="View_All_Jurisdiction" data-provider="ProbaseURL" finished-at="2022-04-21T14:31:14 IST" duration-ms="49425" status="PASS">
          <params>
            <param index="0">
              <value>
                <![CDATA[https://lnmjapi.adappt.ai/]]>
              </value>
            </param>
          </params>
          <reporter-output>
          </reporter-output>
        </test-method> <!-- View_All_Jurisdiction -->
      </class> <!-- testsuite1.test.Jurisdiction_GET_with_indistinct -->
      <class name="testsuite1.test.Jurisdiction_POST_with_indistinct">
        <test-method signature="Create_Jurisdiction_depend_with_Region_ID(java.lang.String)[pri:0, instance:testsuite1.test.Jurisdiction_POST_with_indistinct@16293aa2]" started-at="2022-04-21T14:31:14 IST" name="Create_Jurisdiction_depend_with_Region_ID" data-provider="ProbaseURL" finished-at="2022-04-21T14:32:35 IST" duration-ms="81717" status="PASS">
          <params>
            <param index="0">
              <value>
                <![CDATA[https://lnmjapi.adappt.ai/]]>
              </value>
            </param>
          </params>
          <reporter-output>
          </reporter-output>
        </test-method> <!-- Create_Jurisdiction_depend_with_Region_ID -->
      </class> <!-- testsuite1.test.Jurisdiction_POST_with_indistinct -->
      <class name="testsuite1.test.Jurisdiction_GET_with_distinct_GetJurisdictions_with_JurisdictionID">
        <test-method signature="View_Specific_Jurisdiction_with_GetJurisdictions_using_JuristionID(java.lang.String)[pri:0, instance:testsuite1.test.Jurisdiction_GET_with_distinct_GetJurisdictions_with_JurisdictionID@3a93b025]" started-at="2022-04-21T14:38:42 IST" name="View_Specific_Jurisdiction_with_GetJurisdictions_using_JuristionID" data-provider="ProbaseURL" finished-at="2022-04-21T14:40:23 IST" duration-ms="100489" status="PASS">
          <params>
            <param index="0">
              <value>
                <![CDATA[https://lnmjapi.adappt.ai/]]>
              </value>
            </param>
          </params>
          <reporter-output>
          </reporter-output>
        </test-method> <!-- View_Specific_Jurisdiction_with_GetJurisdictions_using_JuristionID -->
      </class> <!-- testsuite1.test.Jurisdiction_GET_with_distinct_GetJurisdictions_with_JurisdictionID -->
      <class name="testsuite1.test.Jurisdiction_GET_with_distinct_JurisdictionID">
        <test-method signature="View_Specific_Jurisdiction_using_ID(java.lang.String)[pri:0, instance:testsuite1.test.Jurisdiction_GET_with_distinct_JurisdictionID@72d1ad2e]" started-at="2022-04-21T14:36:17 IST" name="View_Specific_Jurisdiction_using_ID" data-provider="ProbaseURL" finished-at="2022-04-21T14:38:01 IST" duration-ms="104179" status="PASS">
          <params>
            <param index="0">
              <value>
                <![CDATA[https://lnmjapi.adappt.ai/]]>
              </value>
            </param>
          </params>
          <reporter-output>
          </reporter-output>
        </test-method> <!-- View_Specific_Jurisdiction_using_ID -->
      </class> <!-- testsuite1.test.Jurisdiction_GET_with_distinct_JurisdictionID -->
      <class name="scenarios.api.Jurisdiction_GetJurisdictions">
        <test-method signature="filename()[pri:0, instance:scenarios.api.Jurisdiction_GetJurisdictions@79e2c065]" started-at="2022-04-21T14:38:42 IST" name="filename" finished-at="2022-04-21T14:38:42 IST" duration-ms="0" status="PASS">
          <reporter-output>
          </reporter-output>
        </test-method> <!-- filename -->
      </class> <!-- scenarios.api.Jurisdiction_GetJurisdictions -->
      <class name="testsuite1.test.Jurisdiction_DELETE_with_distinct_JurisdictionID">
        <test-method signature="View_Specific_Jurisdiction_using_ID(java.lang.String)[pri:0, instance:testsuite1.test.Jurisdiction_DELETE_with_distinct_JurisdictionID@595b007d]" started-at="2022-04-21T14:34:28 IST" name="View_Specific_Jurisdiction_using_ID" data-provider="ProbaseURL" finished-at="2022-04-21T14:36:17 IST" duration-ms="108939" status="PASS">
          <params>
            <param index="0">
              <value>
                <![CDATA[https://lnmjapi.adappt.ai/]]>
              </value>
            </param>
          </params>
          <reporter-output>
          </reporter-output>
        </test-method> <!-- View_Specific_Jurisdiction_using_ID -->
      </class> <!-- testsuite1.test.Jurisdiction_DELETE_with_distinct_JurisdictionID -->
      <class name="testsuite1.test.Jurisdiction_GET_with_indistinct_GetMyJurisdiction">
        <test-method signature="View_Specific_Jurisdiction_using_ID(java.lang.String)[pri:0, instance:testsuite1.test.Jurisdiction_GET_with_indistinct_GetMyJurisdiction@478190fc]" started-at="2022-04-21T14:38:01 IST" name="View_Specific_Jurisdiction_using_ID" data-provider="ProbaseURL" finished-at="2022-04-21T14:38:42 IST" duration-ms="40993" status="PASS">
          <params>
            <param index="0">
              <value>
                <![CDATA[https://lnmjapi.adappt.ai/]]>
              </value>
            </param>
          </params>
          <reporter-output>
          </reporter-output>
        </test-method> <!-- View_Specific_Jurisdiction_using_ID -->
      </class> <!-- testsuite1.test.Jurisdiction_GET_with_indistinct_GetMyJurisdiction -->
      <class name="extend.api.CreateReport">
        <test-method signature="extend()[pri:1, instance:extend.api.CreateReport@222545dc]" started-at="2022-04-21T14:30:24 IST" name="extend" finished-at="2022-04-21T14:30:24 IST" duration-ms="240" status="PASS">
          <reporter-output>
          </reporter-output>
        </test-method> <!-- extend -->
      </class> <!-- extend.api.CreateReport -->
      <class name="scenarios.api.Jurisdiction_GetMyJurisdiction">
        <test-method signature="filename()[pri:0, instance:scenarios.api.Jurisdiction_GetMyJurisdiction@38c6f217]" started-at="2022-04-21T14:38:01 IST" name="filename" finished-at="2022-04-21T14:38:01 IST" duration-ms="0" status="PASS">
          <reporter-output>
          </reporter-output>
        </test-method> <!-- filename -->
      </class> <!-- scenarios.api.Jurisdiction_GetMyJurisdiction -->
    </test> <!-- Test -->
  </suite> <!-- Jurisdiction_Suite -->
</testng-results>
