<?xml version="1.0" encoding="UTF-8"?>
<testng-results ignored="0" total="7" passed="7" failed="0" skipped="0">
  <reporter-output>
  </reporter-output>
  <suite started-at="2022-03-24T20:22:23 IST" name="Region_Suite" finished-at="2022-03-24T20:23:09 IST" duration-ms="45639">
    <groups>
    </groups>
    <test started-at="2022-03-24T20:22:23 IST" name="Test" finished-at="2022-03-24T20:23:09 IST" duration-ms="45639">
      <class name="testsuite1.test.Region_GET_View_ID">
        <test-method signature="VIEW_Specific_Region_using_ID(java.lang.String)[pri:0, instance:testsuite1.test.Region_GET_View_ID@6d763516]" started-at="2022-03-24T20:22:49 IST" name="VIEW_Specific_Region_using_ID" data-provider="ProbaseURL" finished-at="2022-03-24T20:22:59 IST" duration-ms="9942" status="PASS">
          <params>
            <param index="0">
              <value>
                <![CDATA[https://lnmjapi.adappt.ai/]]>
              </value>
            </param>
          </params>
          <reporter-output>
          </reporter-output>
        </test-method> <!-- VIEW_Specific_Region_using_ID -->
      </class> <!-- testsuite1.test.Region_GET_View_ID -->
      <class name="testsuite1.test.Region_DELETE_Delete">
        <test-method signature="DELETE_Specific_Region_using_ID(java.lang.String)[pri:0, instance:testsuite1.test.Region_DELETE_Delete@52bf72b5]" started-at="2022-03-24T20:22:59 IST" name="DELETE_Specific_Region_using_ID" data-provider="ProbaseURL" finished-at="2022-03-24T20:23:09 IST" duration-ms="10074" status="PASS">
          <params>
            <param index="0">
              <value>
                <![CDATA[https://lnmjapi.adappt.ai/]]>
              </value>
            </param>
          </params>
          <reporter-output>
          </reporter-output>
        </test-method> <!-- DELETE_Specific_Region_using_ID -->
      </class> <!-- testsuite1.test.Region_DELETE_Delete -->
      <class name="testsuite1.test.Region_PUT_Update">
        <test-method signature="UPDATE_Specific_Region_using_ID(java.lang.String)[pri:0, instance:testsuite1.test.Region_PUT_Update@2a798d51]" started-at="2022-03-24T20:22:39 IST" name="UPDATE_Specific_Region_using_ID" data-provider="ProbaseURL" finished-at="2022-03-24T20:22:49 IST" duration-ms="10473" status="PASS">
          <params>
            <param index="0">
              <value>
                <![CDATA[https://lnmjapi.adappt.ai/]]>
              </value>
            </param>
          </params>
          <reporter-output>
          </reporter-output>
        </test-method> <!-- UPDATE_Specific_Region_using_ID -->
      </class> <!-- testsuite1.test.Region_PUT_Update -->
      <class name="testsuite1.test.Region_POST_Create">
        <test-method signature="CREATE_New_Region(java.lang.String)[pri:0, instance:testsuite1.test.Region_POST_Create@6572421]" started-at="2022-03-24T20:22:24 IST" name="CREATE_New_Region" data-provider="ProbaseURL" finished-at="2022-03-24T20:22:34 IST" duration-ms="9903" status="PASS">
          <params>
            <param index="0">
              <value>
                <![CDATA[https://lnmjapi.adappt.ai/]]>
              </value>
            </param>
          </params>
          <reporter-output>
          </reporter-output>
        </test-method> <!-- CREATE_New_Region -->
      </class> <!-- testsuite1.test.Region_POST_Create -->
      <class name="testsuite1.test.Region_GET_View">
        <test-method signature="VIEW_All_Region(java.lang.String)[pri:0, instance:testsuite1.test.Region_GET_View@6b81ce95]" started-at="2022-03-24T20:22:34 IST" name="VIEW_All_Region" data-provider="ProbaseURL" finished-at="2022-03-24T20:22:39 IST" duration-ms="5008" status="PASS">
          <params>
            <param index="0">
              <value>
                <![CDATA[https://lnmjapi.adappt.ai/]]>
              </value>
            </param>
          </params>
          <reporter-output>
          </reporter-output>
        </test-method> <!-- VIEW_All_Region -->
      </class> <!-- testsuite1.test.Region_GET_View -->
      <class name="extend.api.CreateReport">
        <test-method signature="extend()[pri:1, instance:extend.api.CreateReport@5b239d7d]" started-at="2022-03-24T20:22:23 IST" name="extend" finished-at="2022-03-24T20:22:24 IST" duration-ms="183" status="PASS">
          <reporter-output>
          </reporter-output>
        </test-method> <!-- extend -->
      </class> <!-- extend.api.CreateReport -->
      <class name="scenarios.api.Region_RegionID">
        <test-method signature="filename()[pri:0, instance:scenarios.api.Region_RegionID@4f18837a]" started-at="2022-03-24T20:22:23 IST" name="filename" finished-at="2022-03-24T20:22:23 IST" duration-ms="6" status="PASS">
          <reporter-output>
          </reporter-output>
        </test-method> <!-- filename -->
      </class> <!-- scenarios.api.Region_RegionID -->
    </test> <!-- Test -->
  </suite> <!-- Region_Suite -->
</testng-results>
