<?xml version="1.0" encoding="UTF-8"?>
<testng-results ignored="0" total="13" passed="13" failed="0" skipped="0">
  <reporter-output>
  </reporter-output>
  <suite started-at="2022-06-13T09:51:22 IST" name="Suite" finished-at="2022-06-13T09:54:03 IST" duration-ms="160520">
    <groups>
    </groups>
    <test started-at="2022-06-13T09:51:22 IST" name="Test" finished-at="2022-06-13T09:54:03 IST" duration-ms="160520">
      <class name="testsuite1.test.UserJurisdiction_DELETE_with_indistinct">
        <test-method signature="Delete_UserJurisdiction(java.lang.String)[pri:0, instance:testsuite1.test.UserJurisdiction_DELETE_with_indistinct@478190fc]" started-at="2022-06-13T09:51:41 IST" name="Delete_UserJurisdiction" data-provider="ProbaseURL" finished-at="2022-06-13T09:52:37 IST" duration-ms="55557" status="PASS">
          <params>
            <param index="0">
              <value>
                <![CDATA[https://lnmjapi.adappt.ai/]]>
              </value>
            </param>
          </params>
          <reporter-output>
          </reporter-output>
        </test-method> <!-- Delete_UserJurisdiction -->
      </class> <!-- testsuite1.test.UserJurisdiction_DELETE_with_indistinct -->
      <class name="testsuite1.test.UserJurisdiction_POST_with_indistinct">
        <test-method signature="Create_UserJurisdiction_depend_with_Region_ID(java.lang.String)[pri:0, instance:testsuite1.test.UserJurisdiction_POST_with_indistinct@38c6f217]" started-at="2022-06-13T09:51:22 IST" name="Create_UserJurisdiction_depend_with_Region_ID" data-provider="ProbaseURL" finished-at="2022-06-13T09:51:41 IST" duration-ms="19137" status="PASS">
          <params>
            <param index="0">
              <value>
                <![CDATA[https://lnmjapi.adappt.ai/]]>
              </value>
            </param>
          </params>
          <reporter-output>
          </reporter-output>
        </test-method> <!-- Create_UserJurisdiction_depend_with_Region_ID -->
      </class> <!-- testsuite1.test.UserJurisdiction_POST_with_indistinct -->
      <class name="scenarios.api.UserJurisdiction_GetByJurisdictionID">
        <test-method signature="filename()[pri:0, instance:scenarios.api.UserJurisdiction_GetByJurisdictionID@564fabc8]" started-at="2022-06-13T09:53:05 IST" name="filename" finished-at="2022-06-13T09:53:05 IST" duration-ms="0" status="PASS">
          <reporter-output>
          </reporter-output>
        </test-method> <!-- filename -->
      </class> <!-- scenarios.api.UserJurisdiction_GetByJurisdictionID -->
      <class name="testsuite1.test.UserJurisdiction_GET_with_distinct_UserID">
        <test-method signature="View_Specific_UserJurisdiction_using_UserID(java.lang.String)[pri:0, instance:testsuite1.test.UserJurisdiction_GET_with_distinct_UserID@3a93b025]" started-at="2022-06-13T09:52:37 IST" name="View_Specific_UserJurisdiction_using_UserID" data-provider="ProbaseURL" finished-at="2022-06-13T09:52:46 IST" duration-ms="9473" status="PASS">
          <params>
            <param index="0">
              <value>
                <![CDATA[https://lnmjapi.adappt.ai/]]>
              </value>
            </param>
          </params>
          <reporter-output>
          </reporter-output>
        </test-method> <!-- View_Specific_UserJurisdiction_using_UserID -->
      </class> <!-- testsuite1.test.UserJurisdiction_GET_with_distinct_UserID -->
      <class name="testsuite1.test.UserJurisdiction_GET_with_distinct_GetMyJurisdictions">
        <test-method signature="View_Specific_UserJurisdiction_using_GetMyJurisdictions(java.lang.String)[pri:0, instance:testsuite1.test.UserJurisdiction_GET_with_distinct_GetMyJurisdictions@1d2adfbe]" started-at="2022-06-13T09:53:23 IST" name="View_Specific_UserJurisdiction_using_GetMyJurisdictions" data-provider="ProbaseURL" finished-at="2022-06-13T09:53:44 IST" duration-ms="20749" status="PASS">
          <params>
            <param index="0">
              <value>
                <![CDATA[https://lnmjapi.adappt.ai/]]>
              </value>
            </param>
          </params>
          <reporter-output>
          </reporter-output>
        </test-method> <!-- View_Specific_UserJurisdiction_using_GetMyJurisdictions -->
      </class> <!-- testsuite1.test.UserJurisdiction_GET_with_distinct_GetMyJurisdictions -->
      <class name="testsuite1.test.UserJurisdiction_PUT_with_distinct_UpdateDefaultJurisdiction_with_JurisdictionID_UserID">
        <test-method signature="View_Specific_UserJurisdiction_UpdateDefaultJurisdiction_using_JurisdictionID_UserID(java.lang.String)[pri:0, instance:testsuite1.test.UserJurisdiction_PUT_with_distinct_UpdateDefaultJurisdiction_with_JurisdictionID_UserID@36902638]" started-at="2022-06-13T09:53:44 IST" name="View_Specific_UserJurisdiction_UpdateDefaultJurisdiction_using_JurisdictionID_UserID" data-provider="ProbaseURL" finished-at="2022-06-13T09:54:03 IST" duration-ms="18579" status="PASS">
          <params>
            <param index="0">
              <value>
                <![CDATA[https://lnmjapi.adappt.ai/]]>
              </value>
            </param>
          </params>
          <reporter-output>
          </reporter-output>
        </test-method> <!-- View_Specific_UserJurisdiction_UpdateDefaultJurisdiction_using_JurisdictionID_UserID -->
      </class> <!-- testsuite1.test.UserJurisdiction_PUT_with_distinct_UpdateDefaultJurisdiction_with_JurisdictionID_UserID -->
      <class name="scenarios.api.UserJurisdiction_GetMyJurisdictions">
        <test-method signature="filename()[pri:0, instance:scenarios.api.UserJurisdiction_GetMyJurisdictions@49ec71f8]" started-at="2022-06-13T09:53:23 IST" name="filename" finished-at="2022-06-13T09:53:23 IST" duration-ms="0" status="PASS">
          <reporter-output>
          </reporter-output>
        </test-method> <!-- filename -->
      </class> <!-- scenarios.api.UserJurisdiction_GetMyJurisdictions -->
      <class name="extend.api.CreateReport">
        <test-method signature="extend()[pri:1, instance:extend.api.CreateReport@399f45b1]" started-at="2022-06-13T09:51:22 IST" name="extend" finished-at="2022-06-13T09:51:22 IST" duration-ms="206" status="PASS">
          <reporter-output>
          </reporter-output>
        </test-method> <!-- extend -->
      </class> <!-- extend.api.CreateReport -->
      <class name="scenarios.api.UserJurisdiction_UserID">
        <test-method signature="filename()[pri:0, instance:scenarios.api.UserJurisdiction_UserID@79e2c065]" started-at="2022-06-13T09:52:37 IST" name="filename" finished-at="2022-06-13T09:52:37 IST" duration-ms="0" status="PASS">
          <reporter-output>
          </reporter-output>
        </test-method> <!-- filename -->
      </class> <!-- scenarios.api.UserJurisdiction_UserID -->
      <class name="scenarios.api.UserJurisdiction_Indistinct">
        <test-method signature="filename()[pri:0, instance:scenarios.api.UserJurisdiction_Indistinct@1aa7ecca]" started-at="2022-06-13T09:51:22 IST" name="filename" finished-at="2022-06-13T09:51:22 IST" duration-ms="7" status="PASS">
          <reporter-output>
          </reporter-output>
        </test-method> <!-- filename -->
      </class> <!-- scenarios.api.UserJurisdiction_Indistinct -->
      <class name="testsuite1.test.UserJurisdiction_GET_with_distinct_UserID_JurisdictionID">
        <test-method signature="View_Specific_UserJurisdiction_using_UserID_JurisID(java.lang.String)[pri:0, instance:testsuite1.test.UserJurisdiction_GET_with_distinct_UserID_JurisdictionID@36bc55de]" started-at="2022-06-13T09:52:46 IST" name="View_Specific_UserJurisdiction_using_UserID_JurisID" data-provider="ProbaseURL" finished-at="2022-06-13T09:53:05 IST" duration-ms="18196" status="PASS">
          <params>
            <param index="0">
              <value>
                <![CDATA[https://lnmjapi.adappt.ai/]]>
              </value>
            </param>
          </params>
          <reporter-output>
          </reporter-output>
        </test-method> <!-- View_Specific_UserJurisdiction_using_UserID_JurisID -->
      </class> <!-- testsuite1.test.UserJurisdiction_GET_with_distinct_UserID_JurisdictionID -->
      <class name="scenarios.api.UserJurisdiction_UserIDJurisdictionID">
        <test-method signature="filename()[pri:0, instance:scenarios.api.UserJurisdiction_UserIDJurisdictionID@35cabb2a]" started-at="2022-06-13T09:52:46 IST" name="filename" finished-at="2022-06-13T09:52:46 IST" duration-ms="1" status="PASS">
          <reporter-output>
          </reporter-output>
        </test-method> <!-- filename -->
      </class> <!-- scenarios.api.UserJurisdiction_UserIDJurisdictionID -->
      <class name="testsuite1.test.UserJurisdiction_POST_with_distinct_GetByJurisdictionID">
        <test-method signature="Create_UserJurisdiction_using_GetByJurisdictionID(java.lang.String)[pri:0, instance:testsuite1.test.UserJurisdiction_POST_with_distinct_GetByJurisdictionID@16d04d3d]" started-at="2022-06-13T09:53:05 IST" name="Create_UserJurisdiction_using_GetByJurisdictionID" data-provider="ProbaseURL" finished-at="2022-06-13T09:53:23 IST" duration-ms="18560" status="PASS">
          <params>
            <param index="0">
              <value>
                <![CDATA[https://lnmjapi.adappt.ai/]]>
              </value>
            </param>
          </params>
          <reporter-output>
          </reporter-output>
        </test-method> <!-- Create_UserJurisdiction_using_GetByJurisdictionID -->
      </class> <!-- testsuite1.test.UserJurisdiction_POST_with_distinct_GetByJurisdictionID -->
    </test> <!-- Test -->
  </suite> <!-- Suite -->
</testng-results>
