<?xml version="1.0" encoding="UTF-8"?>
<testng-results ignored="0" total="8" passed="7" failed="1" skipped="0">
  <reporter-output>
  </reporter-output>
  <suite started-at="2022-04-21T22:32:09 IST" name="UserRegion_Suite" finished-at="2022-04-21T22:36:26 IST" duration-ms="257070">
    <groups>
    </groups>
    <test started-at="2022-04-21T22:32:09 IST" name="Test" finished-at="2022-04-21T22:36:26 IST" duration-ms="257070">
      <class name="scenarios.api.UserRegion_UserIDRegionID">
        <test-method signature="filename()[pri:0, instance:scenarios.api.UserRegion_UserIDRegionID@222545dc]" started-at="2022-04-21T22:33:37 IST" name="filename" finished-at="2022-04-21T22:33:37 IST" duration-ms="1" status="PASS">
          <reporter-output>
          </reporter-output>
        </test-method> <!-- filename -->
      </class> <!-- scenarios.api.UserRegion_UserIDRegionID -->
      <class name="scenarios.api.UserRegion_UserID">
        <test-method signature="filename()[pri:0, instance:scenarios.api.UserRegion_UserID@4fb61f4a]" started-at="2022-04-21T22:32:09 IST" name="filename" finished-at="2022-04-21T22:32:09 IST" duration-ms="6" status="PASS">
          <reporter-output>
          </reporter-output>
        </test-method> <!-- filename -->
      </class> <!-- scenarios.api.UserRegion_UserID -->
      <class name="testsuite1.test.User_Region_GET_with_distinct_UserID">
        <test-method signature="VIEW_Specific_UserRegion_includes_UserID(java.lang.String)[pri:0, instance:testsuite1.test.User_Region_GET_with_distinct_UserID@6c64cb25]" started-at="2022-04-21T22:32:48 IST" name="VIEW_Specific_UserRegion_includes_UserID" data-provider="ProbaseURL" finished-at="2022-04-21T22:33:27 IST" duration-ms="39114" status="PASS">
          <params>
            <param index="0">
              <value>
                <![CDATA[https://lnmjapi.adappt.ai/]]>
              </value>
            </param>
          </params>
          <reporter-output>
          </reporter-output>
        </test-method> <!-- VIEW_Specific_UserRegion_includes_UserID -->
      </class> <!-- testsuite1.test.User_Region_GET_with_distinct_UserID -->
      <class name="testsuite1.test.User_Region_GET_with_indistinct">
        <test-method signature="VIEW_All_UserRegion(java.lang.String)[pri:0, instance:testsuite1.test.User_Region_GET_with_indistinct@245b4bdc]" started-at="2022-04-21T22:32:09 IST" name="VIEW_All_UserRegion" data-provider="ProbaseURL" finished-at="2022-04-21T22:32:48 IST" duration-ms="38917" status="PASS">
          <params>
            <param index="0">
              <value>
                <![CDATA[https://lnmjapi.adappt.ai/]]>
              </value>
            </param>
          </params>
          <reporter-output>
          </reporter-output>
        </test-method> <!-- VIEW_All_UserRegion -->
      </class> <!-- testsuite1.test.User_Region_GET_with_indistinct -->
      <class name="extend.api.CreateReport">
        <test-method signature="extend()[pri:1, instance:extend.api.CreateReport@dd8ba08]" started-at="2022-04-21T22:32:09 IST" name="extend" finished-at="2022-04-21T22:32:09 IST" duration-ms="190" status="PASS">
          <reporter-output>
          </reporter-output>
        </test-method> <!-- extend -->
      </class> <!-- extend.api.CreateReport -->
      <class name="testsuite1.test.User_Region_POST_with_indistinct">
        <test-method signature="VIEW_All_UserRegion(java.lang.String)[pri:0, instance:testsuite1.test.User_Region_POST_with_indistinct@6ae5aa72]" started-at="2022-04-21T22:33:27 IST" name="VIEW_All_UserRegion" data-provider="ProbaseURL" finished-at="2022-04-21T22:33:37 IST" duration-ms="9785" status="FAIL">
          <params>
            <param index="0">
              <value>
                <![CDATA[https://lnmjapi.adappt.ai/]]>
              </value>
            </param>
          </params>
          <exception class="java.lang.AssertionError">
            <message>
              <![CDATA[expected [HTTP/1.1 200 OK] but found [HTTP/1.1 400 Bad Request]]]>
            </message>
            <full-stacktrace>
              <![CDATA[java.lang.AssertionError: expected [HTTP/1.1 200 OK] but found [HTTP/1.1 400 Bad Request]
at org.testng.Assert.fail(Assert.java:99)
at org.testng.Assert.failNotEquals(Assert.java:1037)
at org.testng.Assert.assertEqualsImpl(Assert.java:140)
at org.testng.Assert.assertEquals(Assert.java:122)
at org.testng.Assert.assertEquals(Assert.java:629)
at org.testng.Assert.assertEquals(Assert.java:639)
at auth.api.VerifyStatusLine.ensureLine200(VerifyStatusLine.java:24)
at depend_1.api.FrameSuite.UserRegion_POST_Create(FrameSuite.java:1577)
at main.api.ExecuteAPILead.Create(ExecuteAPILead.java:93)
at apache.api.Shuffle.globalAdmin(Shuffle.java:61)
at apache.api.Operation.worksheet(Operation.java:13)
at testsuite1.test.User_Region_POST_with_indistinct.VIEW_All_UserRegion(User_Region_POST_with_indistinct.java:19)
at java.base/jdk.internal.reflect.NativeMethodAccessorImpl.invoke0(Native Method)
at java.base/jdk.internal.reflect.NativeMethodAccessorImpl.invoke(NativeMethodAccessorImpl.java:77)
at java.base/jdk.internal.reflect.DelegatingMethodAccessorImpl.invoke(DelegatingMethodAccessorImpl.java:43)
at java.base/java.lang.reflect.Method.invoke(Method.java:568)
at org.testng.internal.MethodInvocationHelper.invokeMethod(MethodInvocationHelper.java:133)
at org.testng.internal.TestInvoker.invokeMethod(TestInvoker.java:598)
at org.testng.internal.TestInvoker.invokeTestMethod(TestInvoker.java:173)
at org.testng.internal.MethodRunner.runInSequence(MethodRunner.java:46)
at org.testng.internal.TestInvoker$MethodInvocationAgent.invoke(TestInvoker.java:824)
at org.testng.internal.TestInvoker.invokeTestMethods(TestInvoker.java:146)
at org.testng.internal.TestMethodWorker.invokeTestMethods(TestMethodWorker.java:146)
at org.testng.internal.TestMethodWorker.run(TestMethodWorker.java:128)
at java.base/java.util.ArrayList.forEach(ArrayList.java:1511)
at org.testng.TestRunner.privateRun(TestRunner.java:794)
at org.testng.TestRunner.run(TestRunner.java:596)
at org.testng.SuiteRunner.runTest(SuiteRunner.java:377)
at org.testng.SuiteRunner.runSequentially(SuiteRunner.java:371)
at org.testng.SuiteRunner.privateRun(SuiteRunner.java:332)
at org.testng.SuiteRunner.run(SuiteRunner.java:276)
at org.testng.SuiteRunnerWorker.runSuite(SuiteRunnerWorker.java:53)
at org.testng.SuiteRunnerWorker.run(SuiteRunnerWorker.java:96)
at org.testng.TestNG.runSuitesSequentially(TestNG.java:1212)
at org.testng.TestNG.runSuitesLocally(TestNG.java:1134)
at org.testng.TestNG.runSuites(TestNG.java:1063)
at org.testng.TestNG.run(TestNG.java:1031)
at org.testng.remote.AbstractRemoteTestNG.run(AbstractRemoteTestNG.java:115)
at org.testng.remote.RemoteTestNG.initAndRun(RemoteTestNG.java:251)
at org.testng.remote.RemoteTestNG.main(RemoteTestNG.java:77)
]]>
            </full-stacktrace>
          </exception> <!-- java.lang.AssertionError -->
          <reporter-output>
          </reporter-output>
        </test-method> <!-- VIEW_All_UserRegion -->
      </class> <!-- testsuite1.test.User_Region_POST_with_indistinct -->
      <class name="testsuite1.test.User_Region_GET_with_distinct_UserID_RegionID">
        <test-method signature="VIEW_Specific_UserRegion_includes_UserIDRegionID(java.lang.String)[pri:0, instance:testsuite1.test.User_Region_GET_with_distinct_UserID_RegionID@5c5eefef]" started-at="2022-04-21T22:33:37 IST" name="VIEW_Specific_UserRegion_includes_UserIDRegionID" data-provider="ProbaseURL" finished-at="2022-04-21T22:34:51 IST" duration-ms="74253" status="PASS">
          <params>
            <param index="0">
              <value>
                <![CDATA[https://lnmjapi.adappt.ai/]]>
              </value>
            </param>
          </params>
          <reporter-output>
          </reporter-output>
        </test-method> <!-- VIEW_Specific_UserRegion_includes_UserIDRegionID -->
      </class> <!-- testsuite1.test.User_Region_GET_with_distinct_UserID_RegionID -->
      <class name="testsuite1.test.User_Region_DELETE_with_distinct_UserID_RegionID">
        <test-method signature="VIEW_Specific_UserRegion_includes_UserIDRegionID(java.lang.String)[pri:0, instance:testsuite1.test.User_Region_DELETE_with_distinct_UserID_RegionID@595b007d]" started-at="2022-04-21T22:34:51 IST" name="VIEW_Specific_UserRegion_includes_UserIDRegionID" data-provider="ProbaseURL" finished-at="2022-04-21T22:36:26 IST" duration-ms="94702" status="PASS">
          <params>
            <param index="0">
              <value>
                <![CDATA[https://lnmjapi.adappt.ai/]]>
              </value>
            </param>
          </params>
          <reporter-output>
          </reporter-output>
        </test-method> <!-- VIEW_Specific_UserRegion_includes_UserIDRegionID -->
      </class> <!-- testsuite1.test.User_Region_DELETE_with_distinct_UserID_RegionID -->
    </test> <!-- Test -->
  </suite> <!-- UserRegion_Suite -->
</testng-results>
