<?xml version="1.0" encoding="UTF-8"?>
<testng-results ignored="0" total="3" passed="3" failed="0" skipped="0">
  <reporter-output>
  </reporter-output>
  <suite started-at="2022-04-15T08:10:29 IST" name="UserRegion_Suite" finished-at="2022-04-15T08:11:18 IST" duration-ms="48930">
    <groups>
    </groups>
    <test started-at="2022-04-15T08:10:29 IST" name="Test" finished-at="2022-04-15T08:11:18 IST" duration-ms="48930">
      <class name="scenarios.api.UserRegion_UserID">
        <test-method signature="filename()[pri:0, instance:scenarios.api.UserRegion_UserID@4567f35d]" started-at="2022-04-15T08:10:29 IST" name="filename" finished-at="2022-04-15T08:10:29 IST" duration-ms="8" status="PASS">
          <reporter-output>
          </reporter-output>
        </test-method> <!-- filename -->
      </class> <!-- scenarios.api.UserRegion_UserID -->
      <class name="testsuite1.test.User_Region_GET_with_distinct_UserID">
        <test-method signature="VIEW_Specific_UserRegion_includes_UserID(java.lang.String)[pri:0, instance:testsuite1.test.User_Region_GET_with_distinct_UserID@5876a9af]" started-at="2022-04-15T08:10:29 IST" name="VIEW_Specific_UserRegion_includes_UserID" data-provider="ProbaseURL" finished-at="2022-04-15T08:11:18 IST" duration-ms="48608" status="PASS">
          <params>
            <param index="0">
              <value>
                <![CDATA[https://lnmjapi.adappt.ai/]]>
              </value>
            </param>
          </params>
          <reporter-output>
          </reporter-output>
        </test-method> <!-- VIEW_Specific_UserRegion_includes_UserID -->
      </class> <!-- testsuite1.test.User_Region_GET_with_distinct_UserID -->
      <class name="extend.api.CreateReport">
        <test-method signature="extend()[pri:1, instance:extend.api.CreateReport@59309333]" started-at="2022-04-15T08:10:29 IST" name="extend" finished-at="2022-04-15T08:10:29 IST" duration-ms="259" status="PASS">
          <reporter-output>
          </reporter-output>
        </test-method> <!-- extend -->
      </class> <!-- extend.api.CreateReport -->
    </test> <!-- Test -->
  </suite> <!-- UserRegion_Suite -->
</testng-results>
