<?xml version="1.0" encoding="UTF-8"?>
<!-- Generated by org.testng.reporters.JUnitXMLReporter -->
<testsuite ignored="0" hostname="Lokesh-PC" failures="0" tests="11" name="Test" time="70.547" errors="0" timestamp="2022-06-13T09:49:54 IST">
  <testcase classname="scenarios.api.Jurisdiction_BaseLine" name="filename" time="0.006"/>
  <testcase classname="extend.api.CreateReport" name="extend" time="0.199"/>
  <testcase classname="testsuite1.test.Jurisdiction_GET_with_indistinct" name="View_All_Jurisdiction" time="8.695"/>
  <testcase classname="testsuite1.test.Jurisdiction_POST_with_indistinct" name="Create_Jurisdiction_depend_with_Region_ID" time="9.481"/>
  <testcase classname="testsuite1.test.Jurisdiction_PUT_with_distinct_JurisdictionID" name="View_Specific_Jurisdiction_using_ID" time="11.679"/>
  <testcase classname="testsuite1.test.Jurisdiction_DELETE_with_distinct_JurisdictionID" name="View_Specific_Jurisdiction_using_ID" time="11.518"/>
  <testcase classname="testsuite1.test.Jurisdiction_GET_with_distinct_JurisdictionID" name="View_Specific_Jurisdiction_using_ID" time="11.988"/>
  <testcase classname="scenarios.api.Jurisdiction_GetMyJurisdiction" name="filename" time="0.001"/>
  <testcase classname="testsuite1.test.Jurisdiction_GET_with_indistinct_GetMyJurisdiction" name="View_Specific_Jurisdiction_using_ID" time="5.12"/>
  <testcase classname="scenarios.api.Jurisdiction_GetJurisdictions" name="filename" time="0.0"/>
  <testcase classname="testsuite1.test.Jurisdiction_GET_with_distinct_GetJurisdictions_with_JurisdictionID" name="View_Specific_Jurisdiction_with_GetJurisdictions_using_JuristionID" time="11.81"/>
</testsuite> <!-- Test -->
