<?xml version="1.0" encoding="UTF-8"?>
<!-- Generated by org.testng.reporters.JUnitXMLReporter -->
<testsuite ignored="0" hostname="Lokesh-PC" failures="0" tests="13" name="Test" time="160.52" errors="0" timestamp="2022-06-13T09:54:03 IST">
  <testcase classname="scenarios.api.UserJurisdiction_Indistinct" name="filename" time="0.007"/>
  <testcase classname="extend.api.CreateReport" name="extend" time="0.206"/>
  <testcase classname="testsuite1.test.UserJurisdiction_POST_with_indistinct" name="Create_UserJurisdiction_depend_with_Region_ID" time="19.137"/>
  <testcase classname="testsuite1.test.UserJurisdiction_DELETE_with_indistinct" name="Delete_UserJurisdiction" time="55.557"/>
  <testcase classname="scenarios.api.UserJurisdiction_UserID" name="filename" time="0.0"/>
  <testcase classname="testsuite1.test.UserJurisdiction_GET_with_distinct_UserID" name="View_Specific_UserJurisdiction_using_UserID" time="9.473"/>
  <testcase classname="scenarios.api.UserJurisdiction_UserIDJurisdictionID" name="filename" time="0.001"/>
  <testcase classname="testsuite1.test.UserJurisdiction_GET_with_distinct_UserID_JurisdictionID" name="View_Specific_UserJurisdiction_using_UserID_JurisID" time="18.196"/>
  <testcase classname="scenarios.api.UserJurisdiction_GetByJurisdictionID" name="filename" time="0.0"/>
  <testcase classname="testsuite1.test.UserJurisdiction_POST_with_distinct_GetByJurisdictionID" name="Create_UserJurisdiction_using_GetByJurisdictionID" time="18.56"/>
  <testcase classname="scenarios.api.UserJurisdiction_GetMyJurisdictions" name="filename" time="0.0"/>
  <testcase classname="testsuite1.test.UserJurisdiction_GET_with_distinct_GetMyJurisdictions" name="View_Specific_UserJurisdiction_using_GetMyJurisdictions" time="20.749"/>
  <testcase classname="testsuite1.test.UserJurisdiction_PUT_with_distinct_UpdateDefaultJurisdiction_with_JurisdictionID_UserID" name="View_Specific_UserJurisdiction_UpdateDefaultJurisdiction_using_JurisdictionID_UserID" time="18.579"/>
</testsuite> <!-- Test -->
