<?xml version="1.0" encoding="UTF-8"?>
<!-- Generated by org.testng.reporters.JUnitXMLReporter -->
<testsuite ignored="0" hostname="Lokesh-PC" failures="0" tests="13" name="Test" time="117.394" errors="0" timestamp="2022-06-10T16:58:17 IST">
  <testcase classname="scenarios.api.UserJurisdiction_Indistinct" name="filename" time="0.006"/>
  <testcase classname="extend.api.CreateReport" name="extend" time="0.201"/>
  <testcase classname="testsuite1.test.UserJurisdiction_POST_with_indistinct" name="Create_UserJurisdiction_depend_with_Region_ID" time="20.207"/>
  <testcase classname="testsuite1.test.UserJurisdiction_DELETE_with_indistinct" name="Delete_UserJurisdiction" time="20.849"/>
  <testcase classname="scenarios.api.UserJurisdiction_UserID" name="filename" time="0.0"/>
  <testcase classname="testsuite1.test.UserJurisdiction_GET_with_distinct_UserID" name="View_Specific_UserJurisdiction_using_UserID" time="9.807"/>
  <testcase classname="scenarios.api.UserJurisdiction_UserIDJurisdictionID" name="filename" time="0.0"/>
  <testcase classname="testsuite1.test.UserJurisdiction_GET_with_distinct_UserID_JurisdictionID" name="View_Specific_UserJurisdiction_using_UserID_JurisID" time="21.21"/>
  <testcase classname="scenarios.api.UserJurisdiction_GetByJurisdictionID" name="filename" time="0.0"/>
  <testcase classname="testsuite1.test.UserJurisdiction_POST_with_distinct_GetByJurisdictionID" name="Create_UserJurisdiction_using_GetByJurisdictionID" time="20.45"/>
  <testcase classname="scenarios.api.UserJurisdiction_GetMyJurisdictions" name="filename" time="0.0"/>
  <testcase classname="testsuite1.test.UserJurisdiction_GET_with_distinct_GetMyJurisdictions" name="View_Specific_UserJurisdiction_using_GetMyJurisdictions" time="5.289"/>
  <testcase classname="testsuite1.test.UserJurisdiction_PUT_with_distinct_UpdateDefaultJurisdiction_with_JurisdictionID_UserID" name="View_Specific_UserJurisdiction_UpdateDefaultJurisdiction_using_JurisdictionID_UserID" time="19.322"/>
</testsuite> <!-- Test -->
