<?xml version="1.0" encoding="UTF-8"?>
<!-- Generated by org.testng.reporters.JUnitXMLReporter -->
<testsuite ignored="0" hostname="Lokesh-PC" failures="0" tests="8" name="Test" time="400.41" errors="0" timestamp="2022-04-18T12:19:38 IST">
  <testcase classname="scenarios.api.UserRegion_UserID" name="filename" time="0.006"/>
  <testcase classname="extend.api.CreateReport" name="extend" time="0.174"/>
  <testcase classname="testsuite1.test.User_Region_GET_with_indistinct" name="VIEW_All_UserRegion" time="45.205"/>
  <testcase classname="testsuite1.test.User_Region_GET_with_distinct_UserID" name="VIEW_Specific_UserRegion_includes_UserID" time="46.66"/>
  <testcase classname="testsuite1.test.User_Region_POST_with_indistinct" name="VIEW_All_UserRegion" time="91.502"/>
  <testcase classname="scenarios.api.UserRegion_UserIDRegionID" name="filename" time="0.0"/>
  <testcase classname="testsuite1.test.User_Region_GET_with_distinct_UserID_RegionID" name="VIEW_Specific_UserRegion_includes_UserIDRegionID" time="91.211"/>
  <testcase classname="testsuite1.test.User_Region_DELETE_with_distinct_UserID_RegionID" name="VIEW_Specific_UserRegion_includes_UserIDRegionID" time="125.606"/>
</testsuite> <!-- Test -->
