<?xml version="1.0" encoding="UTF-8"?>
<!-- Generated by org.testng.reporters.JUnitXMLReporter -->
<testsuite ignored="0" hostname="Lokesh-PC" failures="0" tests="3" name="Test" time="48.93" errors="0" timestamp="2022-04-15T08:11:18 IST">
  <testcase classname="scenarios.api.UserRegion_UserID" name="filename" time="0.008"/>
  <testcase classname="extend.api.CreateReport" name="extend" time="0.259"/>
  <testcase classname="testsuite1.test.User_Region_GET_with_distinct_UserID" name="VIEW_Specific_UserRegion_includes_UserID" time="48.608"/>
</testsuite> <!-- Test -->
